<?xml version="1.0" encoding="UTF-8"?>
<!-- Generated by org.testng.reporters.JUnitReportReporter -->
<testsuite hostname="Harini" name="openweatherapi.OpenWeather" tests="1" failures="0" timestamp="2 Dec 2019 06:03:35 GMT" time="7.965" errors="0">
  <testcase name="test" time="7.965" classname="openweatherapi.OpenWeather"/>
</testsuite>
